"../../../Engine/Content/ArtTools/RenderToTexture/Enums/RenderToTexture_Enum.uasset" 0
"../../../Engine/Content/ArtTools/RenderToTexture/Enums/RenderToTexture_Flipbook_Enum.uasset" 1
"../../../Engine/Content/ArtTools/RenderToTexture/Enums/RenderToTexture_Imposter_Enum.uasset" 2
"../../../Engine/Content/EditorBlueprintResources/StandardMacros.uasset" 3
"../../../Engine/Content/ArtTools/RenderToTexture/Enums/EIntTypes.uasset" 4
"../../../Engine/Content/ArtTools/RenderToTexture/Macros/RenderToTextureFunctionLibrary.uasset" 5
"../../../Engine/Content/ArtTools/RenderToTexture/Enums/EFloatTypes.uasset" 6
"../../../Engine/Content/ArtTools/RenderToTexture/Macros/RenderToTextureMacros.uasset" 7
"../../../Engine/Content/Functions/Engine_MaterialFunctions01/Opacity/CameraDepthFade.uasset" 8
"../../../Engine/Content/EngineMaterials/T_Default_Material_Grid_M.uasset" 9
"../../../Engine/Content/EngineMaterials/T_Default_Material_Grid_N.uasset" 10
"../../../Engine/Content/EngineMaterials/WorldGridMaterial.uasset" 11
"../../../Engine/Content/ArtTools/RenderToTexture/Meshes/S_1_Unit_Plane.uasset" 12
"../../../Engine/Content/BasicShapes/Plane.uasset" 13
"../../../Engine/Content/EngineMaterials/DefaultPhysicalMaterial.uasset" 14
"../../../Engine/Content/BufferVisualization/AmbientOcclusion.uasset" 15
"../../../Engine/Content/BufferVisualization/BaseColor.uasset" 16
"../../../Engine/Content/BufferVisualization/CustomDepth.uasset" 17
"../../../Engine/Content/Functions/Engine_MaterialFunctions02/Utility/VectorLength.uasset" 18
"../../../Engine/Content/BufferVisualization/CustomDepthWorldUnits.uasset" 19
"../../../Engine/Content/Functions/Engine_MaterialFunctions02/Utility/BreakOutFloat2Components.uasset" 20
"../../../Engine/Content/Functions/Engine_MaterialFunctions01/Texturing/ScaleUVsByCenter.uasset" 21
"../../../Engine/Content/Functions/Engine_MaterialFunctions02/ScreenResolution.uasset" 22
"../../../Engine/Content/Functions/Engine_MaterialFunctions02/Texturing/ScreenAlignedUVs.uasset" 23
"../../../Engine/Content/Functions/Engine_MaterialFunctions02/Utility/MakeFloat2.uasset" 24
"../../../Engine/Content/Functions/Engine_MaterialFunctions02/Utility/MakeFloat3.uasset" 25
"../../../Engine/Content/EngineMaterials/MiniFont.uasset" 26
"../../../Engine/Content/BufferVisualization/CustomStencil.uasset" 27
"../../../Engine/Content/BufferVisualization/FinalImage.uasset" 28
"../../../Engine/Content/BufferVisualization/LightingModel.uasset" 29
"../../../Engine/Content/BufferVisualization/MaterialAO.uasset" 30
"../../../Engine/Content/BufferVisualization/Metallic.uasset" 31
"../../../Engine/Content/BufferVisualization/Opacity.uasset" 32
"../../../Engine/Content/BufferVisualization/PostTonemapHDRColor.uasset" 33
"../../../Engine/Content/BufferVisualization/PreTonemapHDRColor.uasset" 34
"../../../Engine/Content/BufferVisualization/Roughness.uasset" 35
"../../../Engine/Content/BufferVisualization/SceneColor.uasset" 36
"../../../Engine/Content/BufferVisualization/SceneDepth.uasset" 37
"../../../Engine/Content/BufferVisualization/SceneDepthWorldUnits.uasset" 38
"../../../Engine/Content/BufferVisualization/SeparateTranslucencyA.uasset" 39
"../../../Engine/Content/BufferVisualization/SeparateTranslucencyRGB.uasset" 40
"../../../Engine/Content/BufferVisualization/Specular.uasset" 41
"../../../Engine/Content/BufferVisualization/SubsurfaceColor.uasset" 42
"../../../Engine/Content/BufferVisualization/WorldNormal.uasset" 43
"../../../Engine/Content/EditorBlueprintResources/ActorMacros.uasset" 44
"../../../Engine/Content/EditorLandscapeResources/DataLayer.uasset" 45
"../../../Engine/Content/EditorLandscapeResources/DefaultAlphaTexture.uasset" 46
"../../../Engine/Content/EditorLandscapeResources/LandscapeGizmoHeight_Mat.uasset" 47
"../../../Engine/Content/EditorLandscapeResources/LandscapeGizmo_Mat.uasset" 48
"../../../Engine/Content/EditorLandscapeResources/LandscapeGizmo_Mat_Copied.uasset" 49
"../../../Engine/Content/EditorLandscapeResources/SplineEditorMeshMat.uasset" 50
"../../../Engine/Content/EditorLandscapeResources/SplineEditorMesh.uasset" 51
"../../../Engine/Content/EditorMaterials/Cross.uasset" 52
"../../../Engine/Content/EditorMaterials/Cross_Mat.uasset" 53
"../../../Engine/Content/EditorMaterials/GizmoMaterial.uasset" 54
"../../../Engine/Content/Functions/Engine_MaterialFunctions02/Utility/Sign.uasset" 55
"../../../Engine/Content/Functions/Engine_MaterialFunctions02/Utility/Round.uasset" 56
"../../../Engine/Content/Functions/Engine_MaterialFunctions02/ExampleContent/Textures/flipbook.uasset" 57
"../../../Engine/Content/Functions/Engine_MaterialFunctions02/Texturing/FlipBook.uasset" 58
"../../../Engine/Content/EditorResources/T_EditorHelp.uasset" 59
"../../../Engine/Content/EditorMaterials/HelpActorMaterial.uasset" 60
"../../../Engine/Content/EditorMaterials/CompositeARGBLayer.uasset" 61
"../../../Engine/Content/EditorMaterials/TilingAALineIntegral.uasset" 62
"../../../Engine/Content/EditorMaterials/TilingAALineBoxFiltered.uasset" 63
"../../../Engine/Content/Functions/Engine_MaterialFunctions03/Procedurals/ComputeFilterWidth.uasset" 64
"../../../Engine/Content/EditorMaterials/TilingAADots.uasset" 65
"../../../Engine/Content/EditorMaterials/Cascade/CASC_Cross.uasset" 66
"../../../Engine/Content/EditorMaterials/Cascade/CASC_None.uasset" 67
"../../../Engine/Content/Functions/Engine_MaterialFunctions03/Blends/Blend_Screen.uasset" 68
"../../../Engine/Content/EditorMaterials/TilingAAGrid.uasset" 69
"../../../Engine/Content/EditorMaterials/LevelGridMaterial.uasset" 70
"../../../Engine/Content/EditorMaterials/MakeCompositeARGBLayer.uasset" 71
"../../../Engine/Content/EditorResources/LevelGrid1DStripes.uasset" 72
"../../../Engine/Content/EditorMaterials/TextureGridCascaded1D.uasset" 73
"../../../Engine/Content/EditorMaterials/TextureGridCascaded2D.uasset" 74
"../../../Engine/Content/EditorMaterials/LevelGridMaterial2.uasset" 75
"../../../Engine/Content/EditorMaterials/MAT_Groups_Toggle.uasset" 76
"../../../Engine/Content/EditorMaterials/MAT_Groups_Visibility.uasset" 77
"../../../Engine/Content/EditorMaterials/AntialiasedGridFloor.uasset" 78
"../../../Engine/Content/EditorResources/TilePatine_D.uasset" 79
"../../../Engine/Content/EditorResources/TilePatine_N.uasset" 80
"../../../Engine/Content/EngineMaterials/Grid.uasset" 81
"../../../Engine/Content/EditorMaterials/PersonaFloorMat.uasset" 82
"../../../Engine/Content/EditorMaterials/PhAT_BoneSelectedMaterial.uasset" 83
"../../../Engine/Content/EditorMaterials/PhAT_ElemSelectedMaterial.uasset" 84
"../../../Engine/Content/EditorMaterials/PhAT_NoCollisionMaterial.uasset" 85
"../../../Engine/Content/EditorMaterials/PhAT_UnselectedMaterial.uasset" 86
"../../../Engine/Content/EditorMaterials/PreviewShadowIndicator.uasset" 87
"../../../Engine/Content/EditorMaterials/PreviewShadowIndicatorMaterial.uasset" 88
"../../../Engine/Content/EditorMaterials/TargetIcon.uasset" 89
"../../../Engine/Content/EditorMaterials/Tick.uasset" 90
"../../../Engine/Content/EditorMaterials/Tick_Mat.uasset" 91
"../../../Engine/Content/EditorMaterials/WidgetGridVertexColorMaterial.uasset" 92
"../../../Engine/Content/EditorMaterials/WidgetGridVertexColorMaterial_Ma.uasset" 93
"../../../Engine/Content/EditorMaterials/WidgetMaterial.uasset" 94
"../../../Engine/Content/EditorMaterials/WidgetMaterial_Current.uasset" 95
"../../../Engine/Content/EditorMaterials/WidgetMaterial_X.uasset" 96
"../../../Engine/Content/EditorMaterials/WidgetMaterial_Y.uasset" 97
"../../../Engine/Content/EditorMaterials/WidgetMaterial_Z.uasset" 98
"../../../Engine/Content/EditorMaterials/WidgetVertexColorMaterial.uasset" 99
"../../../Engine/Content/EditorMaterials/MatineeGroups/MAT_ColorTrack.uasset" 100
"../../../Engine/Content/EditorMaterials/MatineeGroups/MAT_Groups_Anim.uasset" 101
"../../../Engine/Content/EditorMaterials/MatineeGroups/MAT_Groups_AudioMaster.uasset" 102
"../../../Engine/Content/EditorMaterials/MatineeGroups/MAT_Groups_Director.uasset" 103
"../../../Engine/Content/EditorMaterials/MatineeGroups/MAT_Groups_Event.uasset" 104
"../../../Engine/Content/EditorMaterials/MatineeGroups/MAT_Groups_Fade.uasset" 105
"../../../Engine/Content/EditorMaterials/MatineeGroups/MAT_Groups_Float.uasset" 106
"../../../Engine/Content/EditorMaterials/MatineeGroups/MAT_Groups_Move.uasset" 107
"../../../Engine/Content/EditorMaterials/MatineeGroups/MAT_Groups_Slomo.uasset" 108
"../../../Engine/Content/EditorMaterials/MatineeGroups/MAT_Groups_Sound.uasset" 109
"../../../Engine/Content/EditorMaterials/MatineeGroups/MAT_Groups_Vector.uasset" 110
"../../../Engine/Content/EditorMaterials/ParticleSystems/PSysThumbnail_NoImage.uasset" 111
"../../../Engine/Content/EditorMaterials/ParticleSystems/PSysThumbnail_OOD.uasset" 112
"../../../Engine/Content/EditorMaterials/Thumbnails/FloorPlaneMaterial.uasset" 113
"../../../Engine/Content/EditorMeshes/EditorCube.uasset" 114
"../../../Engine/Content/EditorMeshes/EditorCylinder.uasset" 115
"../../../Engine/Content/EditorMeshes/EditorPlane.uasset" 116
"../../../Engine/Content/EditorMaterials/Thumbnails/SkySphereMaterial.uasset" 117
"../../../Engine/Content/EditorMeshes/EditorSkySphere.uasset" 118
"../../../Engine/Content/EditorMeshes/EditorSphere.uasset" 119
"../../../Engine/Content/EditorResources/MatineeCam_D.uasset" 120
"../../../Engine/Content/EditorMaterials/MatineeCam_mat.uasset" 121
"../../../Engine/Content/EditorMeshes/MatineeCam_SM.uasset" 122
"../../../Engine/Content/Functions/Engine_MaterialFunctions01/Shading/ConvertFromDiffSpec.uasset" 123
"../../../Engine/Content/EditorMaterials/GridMaterial.uasset" 124
"../../../Engine/Content/EditorMeshes/PhAT_FloorBox.uasset" 125
"../../../Engine/Content/EditorMaterials/Camera/CineMat.uasset" 126
"../../../Engine/Content/EditorMaterials/Camera/MI_CineMat_CameraBody.uasset" 127
"../../../Engine/Content/EngineDebugMaterials/M_SimpleOpaque.uasset" 128
"../../../Engine/Content/EditorMaterials/Camera/MI_CineMat_CamViewFinder.uasset" 129
"../../../Engine/Content/EditorMeshes/Camera/SM_CineCam.uasset" 130
"../../../Engine/Content/EditorMaterials/Camera/MI_CineMat_Rig.uasset" 131
"../../../Engine/Content/EditorMeshes/Camera/SM_CraneRig_Arm.uasset" 132
"../../../Engine/Content/EditorMeshes/Camera/SM_CraneRig_Base.uasset" 133
"../../../Engine/Content/EditorMeshes/Camera/SM_CraneRig_Body.uasset" 134
"../../../Engine/Content/EditorMeshes/Camera/SM_CraneRig_Mount.uasset" 135
"../../../Engine/Content/EditorMeshes/Camera/SM_RailRig_Mount.uasset" 136
"../../../Engine/Content/EditorMeshes/Camera/SM_RailRig_Track.uasset" 137
"../../../Engine/Content/EditorMeshes/ColorCalibrator/M_ChromeBall.uasset" 138
"../../../Engine/Content/EditorMeshes/ColorCalibrator/M_ClearCoat.uasset" 139
"../../../Engine/Content/EditorMeshes/ColorCalibrator/M_ClearCoatBlack.uasset" 140
"../../../Engine/Content/EditorMeshes/ColorCalibrator/Color_checker.uasset" 141
"../../../Engine/Content/EditorMeshes/ColorCalibrator/M_ColorGrid.uasset" 142
"../../../Engine/Content/EditorMeshes/ColorCalibrator/M_GreyBall.uasset" 143
"../../../Engine/Content/EditorMeshes/ColorCalibrator/SM_ColorCalibrator.uasset" 144
"../../../Engine/Content/EditorResources/Bad.uasset" 145
"../../../Engine/Content/EditorResources/BSPVertex.uasset" 146
"../../../Engine/Content/EditorResources/EmptyActor.uasset" 147
"../../../Engine/Content/EditorResources/MatInstActSprite.uasset" 148
"../../../Engine/Content/EditorResources/SceneManager.uasset" 149
"../../../Engine/Content/EditorResources/SmallFont.uasset" 150
"../../../Engine/Content/EditorResources/S_Actor.uasset" 151
"../../../Engine/Content/EditorResources/S_DecalActorIcon.uasset" 152
"../../../Engine/Content/EditorResources/S_Emitter.uasset" 153
"../../../Engine/Content/EditorResources/S_ExpoHeightFog.uasset" 154
"../../../Engine/Content/EditorResources/S_FTest.uasset" 155
"../../../Engine/Content/EditorResources/S_KBSJoint.uasset" 156
"../../../Engine/Content/EditorResources/S_KHinge.uasset" 157
"../../../Engine/Content/EditorResources/S_KPrismatic.uasset" 158
"../../../Engine/Content/EditorResources/S_LevelSequence.uasset" 159
"../../../Engine/Content/EditorResources/S_NavP.uasset" 160
"../../../Engine/Content/EditorResources/S_Note.uasset" 161
"../../../Engine/Content/EditorResources/S_Player.uasset" 162
"../../../Engine/Content/EditorResources/S_PortalActorIcon2.uasset" 163
"../../../Engine/Content/EditorResources/S_RadForce.uasset" 164
"../../../Engine/Content/EditorResources/S_ReflActorIcon.uasset" 165
"../../../Engine/Content/EditorResources/S_Terrain.uasset" 166
"../../../Engine/Content/EditorResources/S_TextRenderActorIcon.uasset" 167
"../../../Engine/Content/EditorResources/S_Thruster.uasset" 168
"../../../Engine/Content/EditorResources/S_Trigger.uasset" 169
"../../../Engine/Content/EditorResources/S_VectorFieldVol.uasset" 170
"../../../Engine/Content/EditorResources/S_WindDirectional.uasset" 171
"../../../Engine/Content/EditorResources/AI/S_NavLink.uasset" 172
"../../../Engine/Content/EditorResources/LightIcons/SkyLight.uasset" 173
"../../../Engine/Content/EditorResources/LightIcons/S_LightDirectional.uasset" 174
"../../../Engine/Content/EditorResources/LightIcons/S_LightDirectionalMove.uasset" 175
"../../../Engine/Content/EditorResources/LightIcons/S_LightError.uasset" 176
"../../../Engine/Content/EditorResources/LightIcons/S_LightPoint.uasset" 177
"../../../Engine/Content/EditorResources/LightIcons/S_LightPointMove.uasset" 178
"../../../Engine/Content/EditorResources/LightIcons/S_LightSpot.uasset" 179
"../../../Engine/Content/EditorResources/LightIcons/S_LightSpotMove.uasset" 180
"../../../Engine/Content/EditorResources/SequenceRecorder/Countdown.uasset" 181
"../../../Engine/Content/EditorResources/SequenceRecorder/RecordingIndicator.uasset" 182
"../../../Engine/Content/EditorResources/Spline/T_Loft_Spline.uasset" 183
"../../../Engine/Content/EditorSounds/Notifications/CompileFailed.uasset" 184
"../../../Engine/Content/EditorSounds/Notifications/CompileFailed_Cue.uasset" 185
"../../../Engine/Content/EditorSounds/Notifications/CompileSuccess.uasset" 186
"../../../Engine/Content/EditorSounds/Notifications/CompileStart_Cue.uasset" 187
"../../../Engine/Content/EditorSounds/Notifications/CompileSuccess_Cue.uasset" 188
"../../../Engine/Content/EngineDamageTypes/DmgTypeBP_Environmental.uasset" 189
"../../../Engine/Content/EngineDebugMaterials/HeatmapGradient.uasset" 190
"../../../Engine/Content/EngineDebugMaterials/BoneWeightMaterial.uasset" 191
"../../../Engine/Content/EngineDebugMaterials/ClothMaterial.uasset" 192
"../../../Engine/Content/EngineDebugMaterials/ClothMaterial_WF.uasset" 193
"../../../Engine/Content/EngineDebugMaterials/DebugEditorMaterial.uasset" 194
"../../../Engine/Content/EngineDebugMaterials/DebugMeshMaterial.uasset" 195
"../../../Engine/Content/EngineDebugMaterials/GeomMaterial.uasset" 196
"../../../Engine/Content/EngineDebugMaterials/LevelColorationLitMaterial.uasset" 197
"../../../Engine/Content/EngineDebugMaterials/LevelColorationUnlitMaterial.uasset" 198
"../../../Engine/Content/EngineMaterials/DefaultWhiteGrid.uasset" 199
"../../../Engine/Content/EngineDebugMaterials/MAT_LevelColorationLitLightmapUV.uasset" 200
"../../../Engine/Content/EngineDebugMaterials/M_SimpleTranslucent.uasset" 201
"../../../Engine/Content/EngineDebugMaterials/ShadedLevelColorationLitMaterial.uasset" 202
"../../../Engine/Content/EngineDebugMaterials/ShadedLevelColorationUnlitMateri.uasset" 203
"../../../Engine/Content/EngineDebugMaterials/VertexColorMaterial.uasset" 204
"../../../Engine/Content/EngineDebugMaterials/VertexColorViewMode_AlphaAsColor.uasset" 205
"../../../Engine/Content/EngineDebugMaterials/VertexColorViewMode_BlueOnly.uasset" 206
"../../../Engine/Content/EngineDebugMaterials/VertexColorViewMode_ColorOnly.uasset" 207
"../../../Engine/Content/EngineDebugMaterials/VertexColorViewMode_GreenOnly.uasset" 208
"../../../Engine/Content/EngineDebugMaterials/VertexColorViewMode_RedOnly.uasset" 209
"../../../Engine/Content/EngineDebugMaterials/WireframeMaterial.uasset" 210
"../../../Engine/Content/EngineFonts/Faces/RobotoBold.uasset" 211
"../../../Engine/Content/EngineFonts/Faces/RobotoBoldItalic.uasset" 212
"../../../Engine/Content/EngineFonts/Faces/RobotoItalic.uasset" 213
"../../../Engine/Content/EngineFonts/Faces/RobotoLight.uasset" 214
"../../../Engine/Content/EngineFonts/Faces/RobotoRegular.uasset" 215
"../../../Engine/Content/EngineFonts/Roboto.uasset" 216
"../../../Engine/Content/EngineFonts/Faces/RobotoTiny.uasset" 217
"../../../Engine/Content/EngineFonts/RobotoTiny.uasset" 218
"../../../Engine/Content/EngineFonts/SmallFont.uasset" 219
"../../../Engine/Content/EngineFonts/TinyFont.uasset" 220
"../../../Engine/Content/EngineResources/WhiteSquareTexture.uasset" 221
"../../../Engine/Content/EngineMaterials/BlinkingCaret.uasset" 222
"../../../Engine/Content/EngineMaterials/DefaultBloomKernel.uasset" 223
"../../../Engine/Content/EngineMaterials/DefaultBokeh.uasset" 224
"../../../Engine/Content/EngineMaterials/DefaultDiffuse.uasset" 225
"../../../Engine/Content/EngineMaterials/DefaultDeferredDecalMaterial.uasset" 226
"../../../Engine/Content/EngineMaterials/DefaultLightFunctionMaterial.uasset" 227
"../../../Engine/Content/EngineMaterials/DefaultNormal.uasset" 228
"../../../Engine/Content/EngineMaterials/DefaultPostProcessMaterial.uasset" 229
"../../../Engine/Content/EngineFonts/RobotoDistanceField.uasset" 230
"../../../Engine/Content/EngineMaterials/DefaultTextMaterialOpaque.uasset" 231
"../../../Engine/Content/EngineMaterials/EditorBrushMaterial.uasset" 232
"../../../Engine/Content/EngineMaterials/Good64x64TilingNoiseHighFreq.uasset" 233
"../../../Engine/Content/EngineMaterials/Grid_N.uasset" 234
"../../../Engine/Content/EngineMaterials/HighResolutionScreenshotMaskFunction.uasset" 235
"../../../Engine/Content/EngineMaterials/HighResScreenshot.uasset" 236
"../../../Engine/Content/EngineMaterials/HighResScreenshotCaptureRegion.uasset" 237
"../../../Engine/Content/EngineMaterials/HighResScreenshotMask.uasset" 238
"../../../Engine/Content/EngineMaterials/LandscapeHolePhysicalMaterial.uasset" 239
"../../../Engine/Content/EngineMaterials/InvalidLightmapSettings.uasset" 240
"../../../Engine/Content/EngineMaterials/M_InvalidLightmapSettings.uasset" 241
"../../../Engine/Content/EngineMaterials/PaperDiffuse.uasset" 242
"../../../Engine/Content/EngineMaterials/PaperNormal.uasset" 243
"../../../Engine/Content/Functions/Engine_MaterialFunctions02/WorldPositionOffset/CameraOffset.uasset" 244
"../../../Engine/Content/EngineMaterials/PhAT_JointLimitMaterial.uasset" 245
"../../../Engine/Content/EngineMaterials/PhysMat_Rubber.uasset" 246
"../../../Engine/Content/EngineMaterials/PreintegratedSkinBRDF.uasset" 247
"../../../Engine/Content/EngineMaterials/RemoveSurfaceMaterial.uasset" 248
"../../../Engine/Content/EngineMaterials/WeightMapPlaceholderTexture.uasset" 249
"../../../Engine/Content/EngineMaterials/Widget3DPassThrough.uasset" 250
"../../../Engine/Content/EngineMaterials/Widget3DPassThrough_Masked.uasset" 251
"../../../Engine/Content/EngineMaterials/Widget3DPassThrough_Opaque.uasset" 252
"../../../Engine/Content/EngineMaterials/Widget3DPassThrough_Masked_OneSided.uasset" 253
"../../../Engine/Content/EngineMaterials/Widget3DPassThrough_Opaque_OneSided.uasset" 254
"../../../Engine/Content/EngineMaterials/Widget3DPassThrough_Translucent.uasset" 255
"../../../Engine/Content/EngineMaterials/Widget3DPassThrough_Translucent_OneSided.uasset" 256
"../../../Engine/Content/EngineMaterials/DefaultMaterial.uasset" 257
"../../../Engine/Content/EngineMeshes/Cube.uasset" 258
"../../../Engine/Content/EngineMeshes/Cylinder.uasset" 259
"../../../Engine/Content/EngineMeshes/Sphere.uasset" 260
"../../../Engine/Content/EngineResources/Black.uasset" 261
"../../../Engine/Content/EngineResources/DefaultTexture.uasset" 262
"../../../Engine/Content/EngineResources/DefaultTextureCube.uasset" 263
"../../../Engine/Content/EngineResources/GradientTexture0.uasset" 264
"../../../Engine/Content/EngineResources/StreamingPauseIcon.uasset" 265
"../../../Engine/Content/EngineResources/M_StreamingPause.uasset" 266
"../../../Engine/Content/EngineSounds/Master.uasset" 267
"../../../Engine/Content/Functions/Engine_MaterialFunctions01/Shading/PowerToRoughness.uasset" 268
"../../../Engine/Content/Maps/Templates/Thumbnails/Default.uasset" 269
"../../../Engine/Content/Maps/Templates/Thumbnails/VR-Basic.uasset" 270
"../../../Engine/Content/MapTemplates/Sky/DaylightAmbientCubemap.uasset" 271
"../../../Engine/Content/MobileResources/T_MobileControls_texture.uasset" 272
"../../../Engine/Content/MobileResources/T_MobileMenu2.uasset" 273
"../../../Engine/Content/MobileResources/HUD/AnalogHat.uasset" 274
"../../../Engine/Content/MobileResources/HUD/VirtualJoystick_Background.uasset" 275
"../../../Engine/Content/MobileResources/HUD/VirtualJoystick_Thumb.uasset" 276
"../../../Engine/Content/MobileResources/HUD/DefaultVirtualJoysticks.uasset" 277
"../../../Engine/Content/MobileResources/HUD/LeftVirtualJoystickOnly.uasset" 278
"../../../Engine/Content/MobileResources/HUD/MobileHUDButton1_off.uasset" 279
"../../../Engine/Content/MobileResources/HUD/MobileHUDButton1_on.uasset" 280
"../../../Engine/Content/MobileResources/HUD/MobileHUDButton2_off.uasset" 281
"../../../Engine/Content/MobileResources/HUD/MobileHUDButton2_on.uasset" 282
"../../../Engine/Content/MobileResources/HUD/MobileHUDButton3.uasset" 283
"../../../Engine/Content/MobileResources/HUD/MobileHUDButtonFire.uasset" 284
"../../../Engine/Content/MobileResources/HUD/MobileHUDDirectionPad.uasset" 285
"../../../Engine/Content/MobileResources/HUD/MobileHUDDirectionPad2.uasset" 286
"../../../Engine/Content/MobileResources/HUD/MobileHUDDirectionPad3.uasset" 287
"../../../Engine/Content/MobileResources/HUD/MobileHUDDirectionStick.uasset" 288
"../../../Engine/Content/MobileResources/HUD/T_Castle_ThumbstickInner.uasset" 289
"../../../Engine/Content/MobileResources/HUD/T_Castle_ThumbstickOutter.uasset" 290
"../../../Engine/Content/Tutorial/ContentIntroCurve.uasset" 291
"../../../Engine/Content/Tutorial/Basics/TutorialAssets/icon_tab_Levels_40x.uasset" 292
"../../../Engine/Content/Tutorial/BlueprintTutorials/TutorialAssets/BlueprintInterface_64x.uasset" 293
"../../../Engine/Content/Tutorial/BlueprintTutorials/TutorialAssets/BlueprintMacroLibrary_64x.uasset" 294
"../../../Engine/Content/Tutorial/BlueprintTutorials/TutorialAssets/Blueprint_64x.uasset" 295
"../../../Engine/Content/Tutorial/BlueprintTutorials/TutorialAssets/Tutorial_BP_Interface.uasset" 296
"../../../Engine/Content/Tutorial/Foliage/TutorialAssets/Foliage.uasset" 297
"../../../Engine/Content/Tutorial/Landscape/TutorialAssets/Landscape.uasset" 298
"../../../Engine/Content/Tutorial/Paper2D/TutorialAssets/Paper2DFlipbook_TutorialIcon.uasset" 299
"../../../Engine/Content/Tutorial/Paper2D/TutorialAssets/Paper2DSprite_TutorialIcon.uasset" 300
"../../../Engine/Content/Tutorial/SubEditors/TutorialAssets/icon_Editor_Preferences_General_40x.uasset" 301
"../../../Engine/Content/Tutorial/SubEditors/TutorialAssets/icon_ShowSkeletalMeshes_40x.uasset" 302
"../../../Engine/Content/Tutorial/SubEditors/TutorialAssets/TutorialMaterial.uasset" 303
"../../../Engine/Content/Tutorial/SubEditors/TutorialAssets/T_SmokeSubUV_8X8.uasset" 304
"../../../Engine/Content/Tutorial/SubEditors/TutorialAssets/T_soft_smoke.uasset" 305
"../../../Engine/Content/Tutorial/SubEditors/TutorialAssets/M_smoke_subUV_blackbody.uasset" 306
"../../../Engine/Content/Tutorial/SubEditors/TutorialAssets/TutorialParticleSystem.uasset" 307
"../../../Engine/Content/VREditor/Devices/Generic/GenericHMDMaterial.uasset" 308
"../../../Engine/Content/VREditor/Devices/Generic/GenericHMD.uasset" 309
"../../../Engine/Content/VREditor/FloatingText/LineMaterial.uasset" 310
"../../../Engine/Content/VREditor/FloatingText/JointSphere.uasset" 311
"../../../Engine/Content/VREditor/FloatingText/LineSegmentCylinder.uasset" 312
"../../../Engine/Content/VREditor/Fonts/VRText_RobotoLarge.uasset" 313
"../../../Engine/Content/VREditor/Fonts/VRTextMaterial.uasset" 314
"../../../Engine/Content/VREditor/Fonts/TranslucentVRTextMaterial.uasset" 315
"../../../Engine/Content/VREditor/LaserPointer/CursorPointer.uasset" 316
"../../../Engine/Content/VREditor/LaserPointer/VR_LaserPower_01.uasset" 317
"../../../Engine/Content/VREditor/TransformGizmo/TransformGizmoMaterial.uasset" 318
"../../../Engine/Content/VREditor/LaserPointer/HoverMaterial.uasset" 319
"../../../Engine/Content/VREditor/TransformGizmo/TranslucentTransformGizmoMaterial.uasset" 320
"../../../Engine/Content/VREditor/LaserPointer/TranslucentHoverMaterial.uasset" 321
"../../../Engine/Content/VREditor/LaserPointer/HoverMesh.uasset" 322
"../../../Engine/Content/VREditor/LaserPointer/LaserPointerMaterial.uasset" 323
"../../../Engine/Content/VREditor/LaserPointer/LaserPointerMaterialInst.uasset" 324
"../../../Engine/Content/VREditor/LaserPointer/TranslucentLaserPointerMaterialInst.uasset" 325
"../../../Engine/Content/VREditor/LaserPointer/LaserPointerMesh.uasset" 326
"../../../Engine/Content/VREditor/LaserPointer/LaserPointerMesh_End.uasset" 327
"../../../Engine/Content/VREditor/LaserPointer/LaserPointerMesh_Start.uasset" 328
"../../../Engine/Content/Functions/Engine_MaterialFunctions02/Utility/BreakOutFloat3Components.uasset" 329
"../../../Engine/Content/Functions/Engine_MaterialFunctions02/Math/Transform3x3Matrix.uasset" 330
"../../../Engine/Content/Functions/Engine_MaterialFunctions02/SplitComponents.uasset" 331
"../../../Engine/Content/VREditor/SnapGrid/SnapGridMaterial.uasset" 332
"../../../Engine/Content/VREditor/SnapGrid/SnapGridPlaneMesh.uasset" 333
"../../../Engine/Content/VREditor/Sounds/VR_teleport.uasset" 334
"../../../Engine/Content/VREditor/Sounds/UI/Click_on_Button_Cue.uasset" 335
"../../../Engine/Content/VREditor/Sounds/UI/Dockable_Window_Close.uasset" 336
"../../../Engine/Content/VREditor/Sounds/UI/Dockable_Window_Drop.uasset" 337
"../../../Engine/Content/VREditor/Sounds/UI/Dockable_Window_Open.uasset" 338
"../../../Engine/Content/VREditor/Sounds/UI/Dockable_Window_Pick_Up.uasset" 339
"../../../Engine/Content/VREditor/Sounds/UI/Drop_Item_From_ContentBrowser.uasset" 340
"../../../Engine/Content/VREditor/Sounds/UI/Floating_UI_Open-001.uasset" 341
"../../../Engine/Content/VREditor/Sounds/UI/Gizmo_Handle_Clicked.uasset" 342
"../../../Engine/Content/VREditor/Sounds/UI/Object_PickUp.uasset" 343
"../../../Engine/Content/VREditor/Sounds/UI/Object_Snaps_To_Another_Actor.uasset" 344
"../../../Engine/Content/VREditor/Sounds/UI/Object_Snaps_To_Grid.uasset" 345
"../../../Engine/Content/VREditor/Sounds/UI/Radial_Menu_FadeOut.uasset" 346
"../../../Engine/Content/VREditor/Sounds/UI/Scaling_Down.uasset" 347
"../../../Engine/Content/VREditor/Sounds/UI/Scaling_Up.uasset" 348
"../../../Engine/Content/VREditor/Sounds/UI/Selection_Changes.uasset" 349
"../../../Engine/Content/VREditor/Sounds/UI/Teleport_Mode_Entered.uasset" 350
"../../../Engine/Content/VREditor/Teleport/TeleportDirectionMaterial.uasset" 351
"../../../Engine/Content/VREditor/Teleport/TeleportDirectionMaterial_Inst.uasset" 352
"../../../Engine/Content/VREditor/Teleport/TeleportDirectionMesh.uasset" 353
"../../../Engine/Content/VREditor/TransformGizmo/BoundingBoxCorner.uasset" 354
"../../../Engine/Content/VREditor/TransformGizmo/BoundingBoxEdge.uasset" 355
"../../../Engine/Content/VREditor/TransformGizmo/PlaneTranslationHandle.uasset" 356
"../../../Engine/Content/VREditor/TransformGizmo/RotationHandleFull.uasset" 357
"../../../Engine/Content/VREditor/TransformGizmo/RotationHandleIndicator.uasset" 358
"../../../Engine/Content/VREditor/TransformGizmo/RotationHandleQuarter.uasset" 359
"../../../Engine/Content/VREditor/TransformGizmo/Main.uasset" 360
"../../../Engine/Content/VREditor/TransformGizmo/Xray.uasset" 361
"../../../Engine/Content/VREditor/TransformGizmo/SM_Dialog_Close.uasset" 362
"../../../Engine/Content/VREditor/TransformGizmo/SM_Dialog_Move.uasset" 363
"../../../Engine/Content/VREditor/TransformGizmo/SM_Sequencer_Key.uasset" 364
"../../../Engine/Content/VREditor/TransformGizmo/SM_Sequencer_Node.uasset" 365
"../../../Engine/Content/VREditor/TransformGizmo/StartRotationHandleIndicator.uasset" 366
"../../../Engine/Content/VREditor/TransformGizmo/TranslucentTransformGizmoMaterial_Inst.uasset" 367
"../../../Engine/Content/VREditor/TransformGizmo/TransformGizmoFreeRotation.uasset" 368
"../../../Engine/Content/VREditor/TransformGizmo/TransformGizmoMaterial_Inst.uasset" 369
"../../../Engine/Content/VREditor/TransformGizmo/TranslateArrowHandle.uasset" 370
"../../../Engine/Content/VREditor/TransformGizmo/UniformScaleHandle.uasset" 371
"../../../Engine/Content/VREditor/UI/KeyDiskMaterial.uasset" 372
"../../../Engine/Content/VREditor/UI/DiscMaterial.uasset" 373
"../../../Engine/Content/VREditor/UI/SM_Radial_Disk.uasset" 374
"../../../Engine/Content/Functions/Engine_MaterialFunctions01/Gradient/RadialGradient.uasset" 375
"../../../Engine/Content/VREditor/WorldMovementGrid/SimpleGrid.uasset" 376
"../../../Engine/Content/VREditor/WorldMovementGrid/GridMaterial.uasset" 377
"../../../Engine/Content/Functions/Engine_MaterialFunctions01/Density/ExponentialDensity.uasset" 378
"../../../Engine/Content/VREditor/WorldMovementGrid/GridPostProcess.uasset" 379
"../../../Engine/Content/EditorLandscapeResources/FlattenHeightMat.uasset" 380
"../../../Engine/Content/VREditor/WorldMovementGrid/PlaneMesh.uasset" 381
"../../../Engine/Plugins/2D/Paper2D/Content/PlaceholderTextures/DummySpriteTexture.uasset" 382
"../../../Engine/Plugins/2D/Paper2D/Content/DummySprite.uasset" 383
"../../../Engine/Plugins/2D/Paper2D/Content/DefaultPaperTerrainMaterial.uasset" 384
"../../../Engine/Plugins/2D/Paper2D/Content/DefaultSpriteMaterial.uasset" 385
"../../../Engine/Plugins/2D/Paper2D/Content/MaskedUnlitSpriteMaterial.uasset" 386
"../../../Engine/Plugins/2D/Paper2D/Content/OpaqueUnlitSpriteMaterial.uasset" 387
"../../../Engine/Plugins/Media/MediaCompositing/Content/DefaultMediaPlaneMaterial.uasset" 388
"../../../Engine/Content/Functions/Engine_MaterialFunctions02/Utility/MakeFloat4.uasset" 389
"../../../Engine/Plugins/Runtime/AppleARKit/Content/ARKitCameraMaterial.uasset" 390
"../../../Engine/Plugins/Runtime/Oculus/OculusVR/Content/Textures/GearVRController_AO.uasset" 391
"../../../Engine/Plugins/Runtime/Oculus/OculusVR/Content/Textures/GearVRController_Color.uasset" 392
"../../../Engine/Plugins/Runtime/Oculus/OculusVR/Content/Textures/GearVRController_Normal.uasset" 393
"../../../Engine/Plugins/Runtime/Oculus/OculusVR/Content/Materials/GearVRControllerMaterial.uasset" 394
"../../../Engine/Plugins/Runtime/Oculus/OculusVR/Content/Meshes/GearVrController.uasset" 395
"../../../Engine/Content/Maps/Entry.umap" 396
"../../../ForScience2/Content/Import/Animations/Robot/Robot_Skeleton.uasset" 397
"../../../ForScience2/Content/Import/Animations/Robot/Robot_Anim.uasset" 398
"../../../ForScience2/Content/FirstPerson/Character/Mesh/SK_Mannequin_Arms_Skeleton.uasset" 399
"../../../ForScience2/Content/FirstPerson/Animations/FirstPerson_Idle.uasset" 400
"../../../ForScience2/Content/FirstPerson/Animations/FirstPerson_JumpEnd.uasset" 401
"../../../ForScience2/Content/FirstPerson/Animations/FirstPerson_JumpLoop.uasset" 402
"../../../ForScience2/Content/FirstPerson/Animations/FirstPerson_JumpStart.uasset" 403
"../../../ForScience2/Content/FirstPerson/Animations/FirstPerson_Run.uasset" 404
"../../../ForScience2/Content/FirstPerson/Animations/FirstPerson_AnimBP.uasset" 405
"../../../ForScience2/Content/FirstPerson/Animations/FirstPerson_Fire.uasset" 406
"../../../ForScience2/Content/FirstPerson/Animations/FirstPersonFire_Montage.uasset" 407
"../../../ForScience2/Content/FirstPerson/Meshes/BaseMaterial.uasset" 408
"../../../ForScience2/Content/FirstPerson/Meshes/FirstPersonProjectileMaterial.uasset" 409
"../../../ForScience2/Content/FirstPerson/Meshes/FirstPersonProjectileMesh.uasset" 410
"../../../ForScience2/Content/StarterContent/Textures/T_Fire_SubUV.uasset" 411
"../../../ForScience2/Content/StarterContent/Textures/T_Fire_Tiled_D.uasset" 412
"../../../ForScience2/Content/StarterContent/Particles/Materials/M_Fire_SubUV.uasset" 413
"../../../ForScience2/Content/StarterContent/Textures/T_Water_N.uasset" 414
"../../../ForScience2/Content/StarterContent/Particles/Materials/M_Heat_Distortion.uasset" 415
"../../../ForScience2/Content/StarterContent/Particles/Materials/M_Radial_Gradient.uasset" 416
"../../../ForScience2/Content/StarterContent/Textures/T_Smoke_SubUV.uasset" 417
"../../../ForScience2/Content/StarterContent/Textures/T_Smoke_Tiled_D.uasset" 418
"../../../ForScience2/Content/StarterContent/Particles/Materials/M_smoke_subUV.uasset" 419
"../../../ForScience2/Content/StarterContent/Particles/P_Fire.uasset" 420
"../../../ForScience2/Content/FirstPersonBP/Blueprints/FirstPersonProjectile.uasset" 421
"../../../ForScience2/Content/StarterContent/Materials/MyOwnMaterial/RedSteel.uasset" 422
"../../../Engine/Content/Functions/Engine_MaterialFunctions02/Utility/BlendAngleCorrectedNormals.uasset" 423
"../../../Engine/Content/Functions/MaterialLayerFunctions/MatLayerBlend_NormalBlend.uasset" 424
"../../../Engine/Content/Functions/MaterialLayerFunctions/MatLayerBlend_Simple.uasset" 425
"../../../ForScience2/Content/FirstPerson/Character/Materials/MaterialLayers/T_ML_Rubber_Blue_01_D.uasset" 426
"../../../ForScience2/Content/FirstPerson/Character/Materials/MaterialLayers/T_ML_Rubber_Blue_01_N.uasset" 427
"../../../ForScience2/Content/FirstPerson/Character/Materials/MaterialLayers/ML_GlossyBlack_Latex_UE4.uasset" 428
"../../../ForScience2/Content/FirstPerson/Character/Materials/MaterialLayers/ML_Plastic_Shiny_Beige.uasset" 429
"../../../ForScience2/Content/FirstPerson/Character/Textures/UE4_LOGO_CARD.uasset" 430
"../../../ForScience2/Content/FirstPerson/Character/Materials/MaterialLayers/ML_Plastic_Shiny_Beige_LOGO.uasset" 431
"../../../ForScience2/Content/FirstPerson/Character/Materials/MaterialLayers/T_ML_Aluminum01.uasset" 432
"../../../ForScience2/Content/FirstPerson/Character/Materials/MaterialLayers/T_ML_Aluminum01_N.uasset" 433
"../../../ForScience2/Content/FirstPerson/Character/Materials/MaterialLayers/ML_SoftMetal_UE4.uasset" 434
"../../../ForScience2/Content/FirstPerson/Character/Textures/UE4_Mannequin__normals.uasset" 435
"../../../ForScience2/Content/FirstPerson/Character/Textures/UE4_Mannequin_MAT_MASKA.uasset" 436
"../../../ForScience2/Content/FirstPerson/Character/Materials/M_UE4Man_Body.uasset" 437
"../../../ForScience2/Content/FirstPerson/Character/Mesh/SK_Mannequin_Arms_PhysicsAsset.uasset" 438
"../../../ForScience2/Content/FirstPerson/Character/Mesh/SK_Mannequin_Arms.uasset" 439
"../../../ForScience2/Content/FirstPerson/FPWeapon/Materials/MaterialLayers/T_ML_Rubber_Blue_01_D.uasset" 440
"../../../ForScience2/Content/FirstPerson/FPWeapon/Materials/MaterialLayers/T_ML_Rubber_Blue_01_N.uasset" 441
"../../../ForScience2/Content/FirstPerson/FPWeapon/Materials/MaterialLayers/ML_GlossyBlack_Latex_UE4.uasset" 442
"../../../ForScience2/Content/FirstPerson/FPWeapon/Materials/MaterialLayers/ML_Plastic_Shiny_Beige.uasset" 443
"../../../ForScience2/Content/FirstPerson/FPWeapon/Materials/MaterialLayers/ML_Screen.uasset" 444
"../../../ForScience2/Content/FirstPerson/FPWeapon/Materials/MaterialLayers/T_ML_Aluminum01.uasset" 445
"../../../ForScience2/Content/FirstPerson/FPWeapon/Materials/MaterialLayers/T_ML_Aluminum01_N.uasset" 446
"../../../ForScience2/Content/FirstPerson/FPWeapon/Materials/MaterialLayers/ML_SoftMetal_UE4.uasset" 447
"../../../ForScience2/Content/FirstPerson/FPWeapon/Textures/T_FPGun_M.uasset" 448
"../../../ForScience2/Content/FirstPerson/FPWeapon/Textures/T_FPGun_N.uasset" 449
"../../../ForScience2/Content/FirstPerson/FPWeapon/Materials/M_FPGun.uasset" 450
"../../../ForScience2/Content/FirstPerson/FPWeapon/Mesh/SK_FPGun_Skeleton.uasset" 451
"../../../ForScience2/Content/FirstPerson/FPWeapon/Mesh/SK_FPGun.uasset" 452
"../../../ForScience2/Content/FirstPersonBP/Super_Mario_Bros_-Fireball_Sound_Effect.uasset" 453
"../../../ForScience2/Content/StarterContent/Audio/SmoothBEAT.uasset" 454
"../../../ForScience2/Content/FirstPersonBP/Blueprints/FirstPersonCharacter.uasset" 455
"../../../ForScience2/Content/Triggers/TriggerBox_Blueprint.uasset" 456
"../../../ForScience2/Content/Import/BIRD/Birdy_Flapping_Skeleton.uasset" 457
"../../../ForScience2/Content/Import/BIRD/BIRD_FLAPPING_V2.uasset" 458
"../../../ForScience2/Content/Import/BIRD/lambert1.uasset" 459
"../../../ForScience2/Content/Import/BIRD/Birdy_Flapping_PhysicsAsset.uasset" 460
"../../../ForScience2/Content/Import/BIRD/Birdy_Flapping.uasset" 461
"../../../ForScience2/Content/Triggers/Birdy_Flapping_Blueprint.uasset" 462
"../../../Engine/Content/EngineSky/C_Sky_Cloud_Color.uasset" 463
"../../../Engine/Content/EngineSky/C_Sky_Horizon_Color.uasset" 464
"../../../Engine/Content/EngineSky/C_Sky_Zenith_Color.uasset" 465
"../../../Engine/Content/EngineSky/T_Sky_Blue.uasset" 466
"../../../Engine/Content/EngineSky/T_Sky_Clouds_M.uasset" 467
"../../../Engine/Content/EngineSky/T_Sky_Stars.uasset" 468
"../../../Engine/Content/EngineSky/M_Sky_Panning_Clouds2.uasset" 469
"../../../Engine/Content/EngineSky/SM_SkySphere.uasset" 470
"../../../Engine/Content/EngineSky/BP_Sky_Sphere.uasset" 471
"../../../Engine/Content/BasicShapes/BasicShapeMaterial.uasset" 472
"../../../Engine/Content/BasicShapes/Cube.uasset" 473
"../../../ForScience2/Content/Basics/Cube16_Blueprint.uasset" 474
"../../../ForScience2/Content/FirstPerson/Textures/FirstPersonCrosshair.uasset" 475
"../../../ForScience2/Content/FirstPersonBP/Blueprints/FirstPersonHUD.uasset" 476
"../../../ForScience2/Content/FirstPersonBP/Deemo_2_0_-_Alex_Vourtsanis_-_Sunset.uasset" 477
"../../../ForScience2/Content/FirstPersonBP/Blueprints/FirstPersonGameMode.uasset" 478
"../../../ForScience2/Content/FirstPersonBP/Maps/FirstPersonExampleMap_BuiltData.uasset" 479
"../../../Engine/Content/EngineMaterials/AntiAliasedTextMaterialTranslucent.uasset" 480
"../../../ForScience2/Content/Import/Grass/qcihF_4K_Albedo.uasset" 481
"../../../ForScience2/Content/Import/Grass/qcihF_4K_Opacity.uasset" 482
"../../../ForScience2/Content/Import/Grass/M_Grass.uasset" 483
"../../../Engine/Content/Functions/Engine_MaterialFunctions03/Blends/Blend_Overlay.uasset" 484
"../../../ForScience2/Content/Import/Textures/TexturesCom_ConcreteBare0433_11_seamless_S.uasset" 485
"../../../ForScience2/Content/Import/Textures/TexturesCom_ConcreteBare0433_11_seamless_S_n.uasset" 486
"../../../ForScience2/Content/Import/Textures/TexturesCom_ConcreteBare0433_11_seamless_S_r.uasset" 487
"../../../ForScience2/Content/Import/Textures/Concrete.uasset" 488
"../../../ForScience2/Content/Import/Textures/Cyberpunk_Building_PreUV_Checker_BaseColor.uasset" 489
"../../../ForScience2/Content/Import/Textures/Cyberpunk_Building_PreUV_Checker_Normal.uasset" 490
"../../../ForScience2/Content/Import/Textures/Cyberpunk_Building_PreUV_Checker_OcclusionRoughnessMetallic.uasset" 491
"../../../ForScience2/Content/Import/Textures/Cyberpunk_B_Mat.uasset" 492
"../../../ForScience2/Content/Import/Textures/TexturesCom_WoodFine0086_7_seamless_S.uasset" 493
"../../../ForScience2/Content/Import/Textures/TexturesCom_WoodFine0086_7_seamless_S_n.uasset" 494
"../../../ForScience2/Content/Import/Textures/TexturesCom_WoodFine0086_7_seamless_S_r.uasset" 495
"../../../ForScience2/Content/Import/Textures/Wood_RedPaint.uasset" 496
"../../../ForScience2/Content/Import/Textures/Wood_Water.uasset" 497
"../../../ForScience2/Content/StarterContent/Materials/M_AssetPlatform.uasset" 498
"../../../ForScience2/Content/StarterContent/Materials/M_Basic_Floor.uasset" 499
"../../../ForScience2/Content/StarterContent/Textures/T_CobbleStone_Smooth_D.uasset" 500
"../../../ForScience2/Content/StarterContent/Textures/T_CobbleStone_Smooth_M.uasset" 501
"../../../ForScience2/Content/StarterContent/Textures/T_CobbleStone_Smooth_N.uasset" 502
"../../../ForScience2/Content/StarterContent/Textures/T_Gradinet_01.uasset" 503
"../../../ForScience2/Content/StarterContent/Textures/T_MacroVariation.uasset" 504
"../../../ForScience2/Content/StarterContent/Textures/T_Rock_Smooth_Granite_D.uasset" 505
"../../../ForScience2/Content/StarterContent/Materials/M_CobbleStone_Smooth.uasset" 506
"../../../ForScience2/Content/StarterContent/Materials/M_Glass.uasset" 507
"../../../ForScience2/Content/StarterContent/Textures/T_Ground_Grass_D.uasset" 508
"../../../ForScience2/Content/StarterContent/Textures/T_Ground_Grass_N.uasset" 509
"../../../ForScience2/Content/StarterContent/Textures/T_Perlin_Noise_M.uasset" 510
"../../../ForScience2/Content/StarterContent/Materials/M_Ground_Grass.uasset" 511
"../../../ForScience2/Content/StarterContent/Textures/T_ground_Moss_D.uasset" 512
"../../../ForScience2/Content/StarterContent/Textures/T_Ground_Moss_N.uasset" 513
"../../../ForScience2/Content/StarterContent/Materials/M_Ground_Moss.uasset" 514
"../../../ForScience2/Content/StarterContent/Textures/T_Metal_Gold_D.uasset" 515
"../../../ForScience2/Content/StarterContent/Textures/T_Metal_Gold_N.uasset" 516
"../../../ForScience2/Content/StarterContent/Materials/M_Metal_Gold.uasset" 517
"../../../ForScience2/Content/StarterContent/Textures/T_Rock_Basalt_D.uasset" 518
"../../../ForScience2/Content/StarterContent/Textures/T_Rock_Basalt_N.uasset" 519
"../../../ForScience2/Content/StarterContent/Materials/M_Rock_Basalt.uasset" 520
"../../../ForScience2/Content/StarterContent/Textures/T_Tech_Hex_Tile_M.uasset" 521
"../../../ForScience2/Content/StarterContent/Textures/T_Tech_Hex_Tile_N.uasset" 522
"../../../ForScience2/Content/StarterContent/Materials/M_Tech_Hex_Tile_Pulse.uasset" 523
"../../../ForScience2/Content/StarterContent/Materials/M_Water_Lake.uasset" 524
"../../../ForScience2/Content/StarterContent/Textures/T_Water_M.uasset" 525
"../../../ForScience2/Content/StarterContent/Materials/M_Water_Ocean.uasset" 526
"../../../ForScience2/Content/StarterContent/Textures/T_Wood_Floor_Walnut_D.uasset" 527
"../../../ForScience2/Content/StarterContent/Textures/T_Wood_Floor_Walnut_M.uasset" 528
"../../../ForScience2/Content/StarterContent/Textures/T_Wood_Floor_Walnut_N.uasset" 529
"../../../ForScience2/Content/StarterContent/Materials/M_Wood_Floor_Walnut_Polished.uasset" 530
"../../../ForScience2/Content/StarterContent/Textures/T_Wood_Oak_D.uasset" 531
"../../../ForScience2/Content/StarterContent/Textures/T_Wood_Oak_N.uasset" 532
"../../../ForScience2/Content/StarterContent/Materials/M_Wood_Oak.uasset" 533
"../../../ForScience2/Content/StarterContent/Materials/MyOwnMaterial/Blue.uasset" 534
"../../../ForScience2/Content/StarterContent/Textures/MyTextures/MyDirt3.uasset" 535
"../../../ForScience2/Content/StarterContent/Textures/MyTextures/MyDirt3_NRM.uasset" 536
"../../../ForScience2/Content/StarterContent/Materials/MyOwnMaterial/Dirt.uasset" 537
"../../../ForScience2/Content/StarterContent/Materials/MyOwnMaterial/Steel.uasset" 538
"../../../ForScience2/Content/StarterContent/Materials/MyOwnMaterial/Test.uasset" 539
"../../../ForScience2/Content/StarterContent/Textures/MyTextures/WoodMe.uasset" 540
"../../../ForScience2/Content/StarterContent/Textures/MyTextures/WoodMe_NRM.uasset" 541
"../../../ForScience2/Content/StarterContent/Materials/MyOwnMaterial/WoodWider.uasset" 542
"../../../ForScience2/Content/StarterContent/Textures/T_Fire_Tiled_Mat.uasset" 543
"../../../ForScience2/Content/FirstPerson/Meshes/CubeMaterialOverride.uasset" 544
"../../../Engine/Content/BasicShapes/Cone.uasset" 545
"../../../Engine/Content/BasicShapes/Cylinder.uasset" 546
"../../../Engine/Content/BasicShapes/Sphere.uasset" 547
"../../../ForScience2/Content/Geometry/Meshes/CubeMaterial.uasset" 548
"../../../ForScience2/Content/Geometry/Meshes/1M_Cube.uasset" 549
"../../../ForScience2/Content/Import/Animations/Robot/Arm.uasset" 550
"../../../ForScience2/Content/Import/Animations/Robot/Chest.uasset" 551
"../../../ForScience2/Content/Import/Animations/Robot/Head.uasset" 552
"../../../ForScience2/Content/Import/Animations/Robot/Robot_PhysicsAsset.uasset" 553
"../../../ForScience2/Content/Import/Animations/Robot/Robot.uasset" 554
"../../../ForScience2/Content/Import/Grass/lambert1.uasset" 555
"../../../ForScience2/Content/Import/Buster_Sword.uasset" 556
"../../../ForScience2/Content/Import/Cyberpunk_Building_PreUV.uasset" 557
"../../../ForScience2/Content/Import/Floor_Slant_HighSubs.uasset" 558
"../../../ForScience2/Content/Import/Floor_Slanted.uasset" 559
"../../../ForScience2/Content/Import/Grass/lambert2.uasset" 560
"../../../ForScience2/Content/Import/GraduationCap.uasset" 561
"../../../ForScience2/Content/Import/Grass/Grass.uasset" 562
"../../../ForScience2/Content/Import/Sign.uasset" 563
"../../../ForScience2/Content/MayaTutRoom/Earth_bump.uasset" 564
"../../../ForScience2/Content/MayaTutRoom/Earth_diffuse.uasset" 565
"../../../ForScience2/Content/MayaTutRoom/BigPlanetM.uasset" 566
"../../../ForScience2/Content/MayaTutRoom/crate_diffuse.uasset" 567
"../../../ForScience2/Content/MayaTutRoom/CrateM.uasset" 568
"../../../ForScience2/Content/MayaTutRoom/EarthM.uasset" 569
"../../../ForScience2/Content/MayaTutRoom/Floor_diffuse.uasset" 570
"../../../ForScience2/Content/MayaTutRoom/FloorM.uasset" 571
"../../../ForScience2/Content/MayaTutRoom/GlassM.uasset" 572
"../../../ForScience2/Content/MayaTutRoom/lambert1.uasset" 573
"../../../ForScience2/Content/MayaTutRoom/Mars_Diffuse.uasset" 574
"../../../ForScience2/Content/MayaTutRoom/MarsM1.uasset" 575
"../../../ForScience2/Content/MayaTutRoom/Control_Panel_Diffuse.uasset" 576
"../../../ForScience2/Content/MayaTutRoom/MonitorM.uasset" 577
"../../../ForScience2/Content/MayaTutRoom/Moon_diffuse.uasset" 578
"../../../ForScience2/Content/MayaTutRoom/MoonM.uasset" 579
"../../../ForScience2/Content/MayaTutRoom/Neptune_Diffuse.uasset" 580
"../../../ForScience2/Content/MayaTutRoom/NeptuneM.uasset" 581
"../../../ForScience2/Content/MayaTutRoom/PillarM.uasset" 582
"../../../ForScience2/Content/MayaTutRoom/ProjectorM.uasset" 583
"../../../ForScience2/Content/MayaTutRoom/Saturn_Diffuse.uasset" 584
"../../../ForScience2/Content/MayaTutRoom/SaturnM.uasset" 585
"../../../ForScience2/Content/MayaTutRoom/SunM.uasset" 586
"../../../ForScience2/Content/MayaTutRoom/Wall_diffuse.uasset" 587
"../../../ForScience2/Content/MayaTutRoom/WallM.uasset" 588
"../../../ForScience2/Content/MayaTutRoom/MayaTutorial_SpaceLevel.uasset" 589
"../../../ForScience2/Content/StarterContent/Textures/T_Spark_Core.uasset" 590
"../../../ForScience2/Content/StarterContent/Particles/Materials/M_Spark.uasset" 591
"../../../ForScience2/Content/StarterContent/Particles/P_Sparks.uasset" 592
"../../../ForScience2/Content/FirstPersonBP/Maps/FirstPersonExampleMap.umap" 593
"../../../ForScience2/Content/Import/BIRD/BIRDY_TURNING.uasset" 594
"../../../ForScience2/Content/Trigger_Boxes/NextLevel.uasset" 595
"../../../ForScience2/Content/TriggerBox_Blueprint12.uasset" 596
"../../../ForScience2/Content/Triggers/TriggerBox_Blueprint4.uasset" 597
"../../../ForScience2/Content/Import/Clouds/Birdy.uasset" 598
"../../../ForScience2/Content/Import/BIRD/Birdy_Flapping3.uasset" 599
"../../../ForScience2/Content/Platforms/Birdy_Flapping4_Blueprint.uasset" 600
"../../../ForScience2/Content/StarterContent/Materials/MyOwnMaterial/Cloud.uasset" 601
"../../../ForScience2/Content/Import/Clouds/CloudVolume.uasset" 602
"../../../ForScience2/Content/StarterContent/Materials/MyOwnMaterial/Cloud2.uasset" 603
"../../../ForScience2/Content/Import/Clouds/SphereClouds.uasset" 604
"../../../ForScience2/Content/FirstPersonBP/Maps/Project_Moira_BuiltData.uasset" 605
"../../../ForScience2/Content/Import/Japanese_Theme/Courage.uasset" 606
"../../../ForScience2/Content/Import/Japanese_Theme/Decal.uasset" 607
"../../../ForScience2/Content/Import/Japanese_Theme/2_concrete_bare_clean_texture-seamless.uasset" 608
"../../../ForScience2/Content/Import/Japanese_Theme/2_concrete_bare_clean_texture-seamless_bump.uasset" 609
"../../../ForScience2/Content/Import/Japanese_Theme/M_Concret.uasset" 610
"../../../ForScience2/Content/StarterContent/Textures/T_Concrete_Tiles_D.uasset" 611
"../../../ForScience2/Content/StarterContent/Textures/T_Concrete_Tiles_M.uasset" 612
"../../../ForScience2/Content/StarterContent/Textures/T_Concrete_Tiles_N.uasset" 613
"../../../ForScience2/Content/StarterContent/Textures/T_Concrete_Tiles_Variation_M.uasset" 614
"../../../ForScience2/Content/StarterContent/Materials/M_Concrete_Tiles.uasset" 615
"../../../ForScience2/Content/StarterContent/Textures/T_Wood_Walnut_N.uasset" 616
"../../../ForScience2/Content/StarterContent/Materials/M_Red_Walnut.uasset" 617
"../../../ForScience2/Content/StarterContent/Textures/T_Rock_Marble_Polished_D.uasset" 618
"../../../ForScience2/Content/StarterContent/Materials/M_Rock_Marble_Polished.uasset" 619
"../../../ForScience2/Content/StarterContent/Textures/T_Wood_Walnut_D.uasset" 620
"../../../ForScience2/Content/StarterContent/Materials/M_Wood_Walnut.uasset" 621
"../../../ForScience2/Content/StarterContent/Textures/T_Metal_Steel_N.uasset" 622
"../../../ForScience2/Content/StarterContent/Materials/MyOwnMaterial/M_ShintoTop.uasset" 623
"../../../ForScience2/Content/Geometry/Meshes/Box_Brush10_StaticMesh.uasset" 624
"../../../ForScience2/Content/Geometry/Meshes/Box_Brush11_StaticMesh.uasset" 625
"../../../ForScience2/Content/Geometry/Meshes/Box_Brush12_StaticMesh.uasset" 626
"../../../ForScience2/Content/Geometry/Meshes/Box_Brush13_StaticMesh.uasset" 627
"../../../ForScience2/Content/Geometry/Meshes/Box_Brush14_StaticMesh.uasset" 628
"../../../ForScience2/Content/Geometry/Meshes/Box_Brush15_StaticMesh.uasset" 629
"../../../ForScience2/Content/Geometry/Meshes/Box_Brush16_StaticMesh.uasset" 630
"../../../ForScience2/Content/Geometry/Meshes/Box_Brush17_StaticMesh.uasset" 631
"../../../ForScience2/Content/Geometry/Meshes/Box_Brush18_StaticMesh.uasset" 632
"../../../ForScience2/Content/Geometry/Meshes/Box_Brush19_StaticMesh.uasset" 633
"../../../ForScience2/Content/Geometry/Meshes/Box_Brush20_StaticMesh.uasset" 634
"../../../ForScience2/Content/Geometry/Meshes/Box_Brush7_StaticMesh.uasset" 635
"../../../ForScience2/Content/Geometry/Meshes/Box_Brush8_StaticMesh.uasset" 636
"../../../ForScience2/Content/Geometry/Meshes/Box_Brush9_StaticMesh.uasset" 637
"../../../ForScience2/Content/Geometry/Meshes/Cylinder_Brush3_StaticMesh.uasset" 638
"../../../ForScience2/Content/Import/Japanese_Theme/lambert1.uasset" 639
"../../../ForScience2/Content/Import/Japanese_Theme/lambert2.uasset" 640
"../../../ForScience2/Content/Import/Japanese_Theme/lambert3.uasset" 641
"../../../ForScience2/Content/Import/Japanese_Theme/lambert4.uasset" 642
"../../../ForScience2/Content/Import/Japanese_Theme/lambert5.uasset" 643
"../../../ForScience2/Content/Import/Japanese_Theme/Shinto_Gate_Long.uasset" 644
"../../../ForScience2/Content/Import/Japanese_Theme/Shinto_Gate_Reg_V2.uasset" 645
"../../../ForScience2/Content/Import/Japanese_Theme/Shinto_Roof.uasset" 646
"../../../ForScience2/Content/Import/Japanese_Theme/Shinto_Stack.uasset" 647
"../../../ForScience2/Content/StarterContent/Particles/P_Steam_Lit.uasset" 648
"../../../ForScience2/Content/StarterContent/Textures/T_Bush_D.uasset" 649
"../../../ForScience2/Content/StarterContent/Textures/T_Bush_N.uasset" 650
"../../../ForScience2/Content/StarterContent/Props/Materials/M_Bush.uasset" 651
"../../../ForScience2/Content/StarterContent/Props/SM_Bush.uasset" 652
"../../../ForScience2/Content/StarterContent/Textures/T_Detail_Rocky_N.uasset" 653
"../../../ForScience2/Content/StarterContent/Textures/T_RockMesh_M.uasset" 654
"../../../ForScience2/Content/StarterContent/Textures/T_RockMesh_N.uasset" 655
"../../../ForScience2/Content/StarterContent/Props/Materials/M_Rock.uasset" 656
"../../../ForScience2/Content/StarterContent/Props/SM_Rock.uasset" 657
"../../../ForScience2/Content/FirstPersonBP/Maps/Project_Moira.umap" 658
